<?xml version="1.0" encoding="UTF-8"?>
<!-- Generated by org.testng.reporters.JUnitXMLReporter -->
<testsuite ignored="0" hostname="DESKTOP-QR026C9" failures="1" tests="11" name="Default test" time="12.59" errors="0" timestamp="2024-03-19T10:52:25 IST">
  <testcase classname="com.surya.base.MyProject" name="linkText" time="1.574"/>
  <testcase classname="com.surya.base.MyProject" name="userName" time="0.188"/>
  <testcase classname="com.surya.base.MyProject" name="passWord" time="0.166"/>
  <testcase classname="com.surya.base.MyProject" name="comments" time="0.096"/>
  <testcase classname="com.surya.base.MyProject" name="commentsAgain" time="0.197"/>
  <testcase classname="com.surya.base.MyProject" name="checkbox" time="0.202"/>
  <testcase classname="com.surya.base.MyProject" name="radiobox" time="0.045"/>
  <testcase classname="com.surya.base.MyProject" name="dropDown" time="0.087"/>
  <testcase classname="com.surya.base.MyProject" name="selectDropDown" time="5.438"/>
  <testcase classname="com.surya.base.MyProject" name="submit" time="1.077"/>
  <testcase classname="com.surya.base.MyProject" name="childWindowValidation" time="0.118">
    <failure type="java.lang.AssertionError" message="expected [You submittd a form. The details below show the values you entered for processing.] but found [You submitted a form. The details below show the values you entered for processing.]">
      <![CDATA[java.lang.AssertionError: expected [You submittd a form. The details below show the values you entered for processing.] but found [You submitted a form. The details below show the values you entered for processing.]
at org.testng.Assert.fail(Assert.java:111)
at org.testng.Assert.failNotEquals(Assert.java:1578)
at org.testng.Assert.assertEqualsImpl(Assert.java:150)
at org.testng.Assert.assertEquals(Assert.java:132)
at org.testng.Assert.assertEquals(Assert.java:656)
at org.testng.Assert.assertEquals(Assert.java:666)
at com.surya.base.MyProject.childWindowValidation(MyProject.java:153)
at java.base/jdk.internal.reflect.NativeMethodAccessorImpl.invoke0(Native Method)
at java.base/jdk.internal.reflect.NativeMethodAccessorImpl.invoke(NativeMethodAccessorImpl.java:77)
at java.base/jdk.internal.reflect.DelegatingMethodAccessorImpl.invoke(DelegatingMethodAccessorImpl.java:43)
at java.base/java.lang.reflect.Method.invoke(Method.java:568)
at org.testng.internal.invokers.MethodInvocationHelper.invokeMethod(MethodInvocationHelper.java:139)
at org.testng.internal.invokers.TestInvoker.invokeMethod(TestInvoker.java:664)
at org.testng.internal.invokers.TestInvoker.invokeTestMethod(TestInvoker.java:228)
at org.testng.internal.invokers.MethodRunner.runInSequence(MethodRunner.java:63)
at org.testng.internal.invokers.TestInvoker$MethodInvocationAgent.invoke(TestInvoker.java:961)
at org.testng.internal.invokers.TestInvoker.invokeTestMethods(TestInvoker.java:201)
at org.testng.internal.invokers.TestMethodWorker.invokeTestMethods(TestMethodWorker.java:148)
at org.testng.internal.invokers.TestMethodWorker.run(TestMethodWorker.java:128)
at java.base/java.util.ArrayList.forEach(ArrayList.java:1511)
at org.testng.TestRunner.privateRun(TestRunner.java:819)
at org.testng.TestRunner.run(TestRunner.java:619)
at org.testng.SuiteRunner.runTest(SuiteRunner.java:443)
at org.testng.SuiteRunner.runSequentially(SuiteRunner.java:437)
at org.testng.SuiteRunner.privateRun(SuiteRunner.java:397)
at org.testng.SuiteRunner.run(SuiteRunner.java:336)
at org.testng.SuiteRunnerWorker.runSuite(SuiteRunnerWorker.java:52)
at org.testng.SuiteRunnerWorker.run(SuiteRunnerWorker.java:95)
at org.testng.TestNG.runSuitesSequentially(TestNG.java:1301)
at org.testng.TestNG.runSuitesLocally(TestNG.java:1228)
at org.testng.TestNG.runSuites(TestNG.java:1134)
at org.testng.TestNG.run(TestNG.java:1101)
at org.testng.remote.AbstractRemoteTestNG.run(AbstractRemoteTestNG.java:115)
at org.testng.remote.RemoteTestNG.initAndRun(RemoteTestNG.java:251)
at org.testng.remote.RemoteTestNG.main(RemoteTestNG.java:77)
]]>
    </failure>
  </testcase> <!-- childWindowValidation -->
</testsuite> <!-- Default test -->
